<?xml version="1.0" encoding="UTF-8"?>
<!-- Generated by org.testng.reporters.JUnitXMLReporter -->
<testsuite ignored="0" hostname="DESKTOP-3SNRJKF" failures="1" tests="1" name="Test" time="4.495" errors="0" timestamp="2022-12-30T17:04:28 IST">
  <testcase classname="AirlinesTest" name="createAirlines" time="4.397">
    <failure type="java.lang.AssertionError" message="expected [201] but found [400]">
      <![CDATA[java.lang.AssertionError: expected [201] but found [400]
at AirlinesTest.createAirlines(AirlinesTest.java:25)
at java.base/java.util.ArrayList.forEach(ArrayList.java:1511)
... Removed 33 stack frames]]>
    </failure>
  </testcase> <!-- createAirlines -->
</testsuite> <!-- Test -->
